ARM GAS  /tmp/ccLOT2xZ.s 			page 1


   1              		.cpu cortex-m4
   2              		.eabi_attribute 27, 1
   3              		.eabi_attribute 28, 1
   4              		.eabi_attribute 20, 1
   5              		.eabi_attribute 21, 1
   6              		.eabi_attribute 23, 3
   7              		.eabi_attribute 24, 1
   8              		.eabi_attribute 25, 1
   9              		.eabi_attribute 26, 1
  10              		.eabi_attribute 30, 1
  11              		.eabi_attribute 34, 1
  12              		.eabi_attribute 18, 4
  13              		.file	"stm32f3xx_hal_msp.c"
  14              		.text
  15              	.Ltext0:
  16              		.cfi_sections	.debug_frame
  17              		.section	.text.HAL_MspInit,"ax",%progbits
  18              		.align	1
  19              		.global	HAL_MspInit
  20              		.arch armv7e-m
  21              		.syntax unified
  22              		.thumb
  23              		.thumb_func
  24              		.fpu fpv4-sp-d16
  26              	HAL_MspInit:
  27              	.LFB130:
  28              		.file 1 "Src/stm32f3xx_hal_msp.c"
   1:Src/stm32f3xx_hal_msp.c **** /* USER CODE BEGIN Header */
   2:Src/stm32f3xx_hal_msp.c **** /**
   3:Src/stm32f3xx_hal_msp.c ****   ******************************************************************************
   4:Src/stm32f3xx_hal_msp.c ****   * File Name          : stm32f3xx_hal_msp.c
   5:Src/stm32f3xx_hal_msp.c ****   * Description        : This file provides code for the MSP Initialization 
   6:Src/stm32f3xx_hal_msp.c ****   *                      and de-Initialization codes.
   7:Src/stm32f3xx_hal_msp.c ****   ******************************************************************************
   8:Src/stm32f3xx_hal_msp.c ****   * @attention
   9:Src/stm32f3xx_hal_msp.c ****   *
  10:Src/stm32f3xx_hal_msp.c ****   * <h2><center>&copy; Copyright (c) 2020 STMicroelectronics.
  11:Src/stm32f3xx_hal_msp.c ****   * All rights reserved.</center></h2>
  12:Src/stm32f3xx_hal_msp.c ****   *
  13:Src/stm32f3xx_hal_msp.c ****   * This software component is licensed by ST under BSD 3-Clause license,
  14:Src/stm32f3xx_hal_msp.c ****   * the "License"; You may not use this file except in compliance with the
  15:Src/stm32f3xx_hal_msp.c ****   * License. You may obtain a copy of the License at:
  16:Src/stm32f3xx_hal_msp.c ****   *                        opensource.org/licenses/BSD-3-Clause
  17:Src/stm32f3xx_hal_msp.c ****   *
  18:Src/stm32f3xx_hal_msp.c ****   ******************************************************************************
  19:Src/stm32f3xx_hal_msp.c ****   */
  20:Src/stm32f3xx_hal_msp.c **** /* USER CODE END Header */
  21:Src/stm32f3xx_hal_msp.c **** 
  22:Src/stm32f3xx_hal_msp.c **** /* Includes ------------------------------------------------------------------*/
  23:Src/stm32f3xx_hal_msp.c **** #include "main.h"
  24:Src/stm32f3xx_hal_msp.c **** /* USER CODE BEGIN Includes */
  25:Src/stm32f3xx_hal_msp.c **** 
  26:Src/stm32f3xx_hal_msp.c **** /* USER CODE END Includes */
  27:Src/stm32f3xx_hal_msp.c **** 
  28:Src/stm32f3xx_hal_msp.c **** /* Private typedef -----------------------------------------------------------*/
  29:Src/stm32f3xx_hal_msp.c **** /* USER CODE BEGIN TD */
  30:Src/stm32f3xx_hal_msp.c **** 
ARM GAS  /tmp/ccLOT2xZ.s 			page 2


  31:Src/stm32f3xx_hal_msp.c **** /* USER CODE END TD */
  32:Src/stm32f3xx_hal_msp.c **** 
  33:Src/stm32f3xx_hal_msp.c **** /* Private define ------------------------------------------------------------*/
  34:Src/stm32f3xx_hal_msp.c **** /* USER CODE BEGIN Define */
  35:Src/stm32f3xx_hal_msp.c ****  
  36:Src/stm32f3xx_hal_msp.c **** /* USER CODE END Define */
  37:Src/stm32f3xx_hal_msp.c **** 
  38:Src/stm32f3xx_hal_msp.c **** /* Private macro -------------------------------------------------------------*/
  39:Src/stm32f3xx_hal_msp.c **** /* USER CODE BEGIN Macro */
  40:Src/stm32f3xx_hal_msp.c **** 
  41:Src/stm32f3xx_hal_msp.c **** /* USER CODE END Macro */
  42:Src/stm32f3xx_hal_msp.c **** 
  43:Src/stm32f3xx_hal_msp.c **** /* Private variables ---------------------------------------------------------*/
  44:Src/stm32f3xx_hal_msp.c **** /* USER CODE BEGIN PV */
  45:Src/stm32f3xx_hal_msp.c **** 
  46:Src/stm32f3xx_hal_msp.c **** /* USER CODE END PV */
  47:Src/stm32f3xx_hal_msp.c **** 
  48:Src/stm32f3xx_hal_msp.c **** /* Private function prototypes -----------------------------------------------*/
  49:Src/stm32f3xx_hal_msp.c **** /* USER CODE BEGIN PFP */
  50:Src/stm32f3xx_hal_msp.c **** 
  51:Src/stm32f3xx_hal_msp.c **** /* USER CODE END PFP */
  52:Src/stm32f3xx_hal_msp.c **** 
  53:Src/stm32f3xx_hal_msp.c **** /* External functions --------------------------------------------------------*/
  54:Src/stm32f3xx_hal_msp.c **** /* USER CODE BEGIN ExternalFunctions */
  55:Src/stm32f3xx_hal_msp.c **** 
  56:Src/stm32f3xx_hal_msp.c **** /* USER CODE END ExternalFunctions */
  57:Src/stm32f3xx_hal_msp.c **** 
  58:Src/stm32f3xx_hal_msp.c **** /* USER CODE BEGIN 0 */
  59:Src/stm32f3xx_hal_msp.c **** 
  60:Src/stm32f3xx_hal_msp.c **** /* USER CODE END 0 */
  61:Src/stm32f3xx_hal_msp.c **** /**
  62:Src/stm32f3xx_hal_msp.c ****   * Initializes the Global MSP.
  63:Src/stm32f3xx_hal_msp.c ****   */
  64:Src/stm32f3xx_hal_msp.c **** void HAL_MspInit(void)
  65:Src/stm32f3xx_hal_msp.c **** {
  29              		.loc 1 65 1 view -0
  30              		.cfi_startproc
  31              		@ args = 0, pretend = 0, frame = 8
  32              		@ frame_needed = 0, uses_anonymous_args = 0
  33 0000 00B5     		push	{lr}
  34              	.LCFI0:
  35              		.cfi_def_cfa_offset 4
  36              		.cfi_offset 14, -4
  37 0002 83B0     		sub	sp, sp, #12
  38              	.LCFI1:
  39              		.cfi_def_cfa_offset 16
  66:Src/stm32f3xx_hal_msp.c ****   /* USER CODE BEGIN MspInit 0 */
  67:Src/stm32f3xx_hal_msp.c **** 
  68:Src/stm32f3xx_hal_msp.c ****   /* USER CODE END MspInit 0 */
  69:Src/stm32f3xx_hal_msp.c **** 
  70:Src/stm32f3xx_hal_msp.c ****   __HAL_RCC_SYSCFG_CLK_ENABLE();
  40              		.loc 1 70 3 view .LVU1
  41              	.LBB2:
  42              		.loc 1 70 3 view .LVU2
  43              		.loc 1 70 3 view .LVU3
  44 0004 0C4B     		ldr	r3, .L3
  45 0006 9A69     		ldr	r2, [r3, #24]
ARM GAS  /tmp/ccLOT2xZ.s 			page 3


  46 0008 42F00102 		orr	r2, r2, #1
  47 000c 9A61     		str	r2, [r3, #24]
  48              		.loc 1 70 3 view .LVU4
  49 000e 9A69     		ldr	r2, [r3, #24]
  50 0010 02F00102 		and	r2, r2, #1
  51 0014 0092     		str	r2, [sp]
  52              		.loc 1 70 3 view .LVU5
  53 0016 009A     		ldr	r2, [sp]
  54              	.LBE2:
  55              		.loc 1 70 3 view .LVU6
  71:Src/stm32f3xx_hal_msp.c ****   __HAL_RCC_PWR_CLK_ENABLE();
  56              		.loc 1 71 3 view .LVU7
  57              	.LBB3:
  58              		.loc 1 71 3 view .LVU8
  59              		.loc 1 71 3 view .LVU9
  60 0018 DA69     		ldr	r2, [r3, #28]
  61 001a 42F08052 		orr	r2, r2, #268435456
  62 001e DA61     		str	r2, [r3, #28]
  63              		.loc 1 71 3 view .LVU10
  64 0020 DB69     		ldr	r3, [r3, #28]
  65 0022 03F08053 		and	r3, r3, #268435456
  66 0026 0193     		str	r3, [sp, #4]
  67              		.loc 1 71 3 view .LVU11
  68 0028 019B     		ldr	r3, [sp, #4]
  69              	.LBE3:
  70              		.loc 1 71 3 view .LVU12
  72:Src/stm32f3xx_hal_msp.c **** 
  73:Src/stm32f3xx_hal_msp.c ****   HAL_NVIC_SetPriorityGrouping(NVIC_PRIORITYGROUP_0);
  71              		.loc 1 73 3 view .LVU13
  72 002a 0720     		movs	r0, #7
  73 002c FFF7FEFF 		bl	HAL_NVIC_SetPriorityGrouping
  74              	.LVL0:
  74:Src/stm32f3xx_hal_msp.c **** 
  75:Src/stm32f3xx_hal_msp.c ****   /* System interrupt init*/
  76:Src/stm32f3xx_hal_msp.c **** 
  77:Src/stm32f3xx_hal_msp.c ****   /* USER CODE BEGIN MspInit 1 */
  78:Src/stm32f3xx_hal_msp.c **** 
  79:Src/stm32f3xx_hal_msp.c ****   /* USER CODE END MspInit 1 */
  80:Src/stm32f3xx_hal_msp.c **** }
  75              		.loc 1 80 1 is_stmt 0 view .LVU14
  76 0030 03B0     		add	sp, sp, #12
  77              	.LCFI2:
  78              		.cfi_def_cfa_offset 4
  79              		@ sp needed
  80 0032 5DF804FB 		ldr	pc, [sp], #4
  81              	.L4:
  82 0036 00BF     		.align	2
  83              	.L3:
  84 0038 00100240 		.word	1073876992
  85              		.cfi_endproc
  86              	.LFE130:
  88              		.section	.text.HAL_I2C_MspInit,"ax",%progbits
  89              		.align	1
  90              		.global	HAL_I2C_MspInit
  91              		.syntax unified
  92              		.thumb
  93              		.thumb_func
ARM GAS  /tmp/ccLOT2xZ.s 			page 4


  94              		.fpu fpv4-sp-d16
  96              	HAL_I2C_MspInit:
  97              	.LVL1:
  98              	.LFB131:
  81:Src/stm32f3xx_hal_msp.c **** 
  82:Src/stm32f3xx_hal_msp.c **** /**
  83:Src/stm32f3xx_hal_msp.c **** * @brief I2C MSP Initialization
  84:Src/stm32f3xx_hal_msp.c **** * This function configures the hardware resources used in this example
  85:Src/stm32f3xx_hal_msp.c **** * @param hi2c: I2C handle pointer
  86:Src/stm32f3xx_hal_msp.c **** * @retval None
  87:Src/stm32f3xx_hal_msp.c **** */
  88:Src/stm32f3xx_hal_msp.c **** void HAL_I2C_MspInit(I2C_HandleTypeDef* hi2c)
  89:Src/stm32f3xx_hal_msp.c **** {
  99              		.loc 1 89 1 is_stmt 1 view -0
 100              		.cfi_startproc
 101              		@ args = 0, pretend = 0, frame = 32
 102              		@ frame_needed = 0, uses_anonymous_args = 0
 103              		.loc 1 89 1 is_stmt 0 view .LVU16
 104 0000 10B5     		push	{r4, lr}
 105              	.LCFI3:
 106              		.cfi_def_cfa_offset 8
 107              		.cfi_offset 4, -8
 108              		.cfi_offset 14, -4
 109 0002 88B0     		sub	sp, sp, #32
 110              	.LCFI4:
 111              		.cfi_def_cfa_offset 40
  90:Src/stm32f3xx_hal_msp.c ****   GPIO_InitTypeDef GPIO_InitStruct = {0};
 112              		.loc 1 90 3 is_stmt 1 view .LVU17
 113              		.loc 1 90 20 is_stmt 0 view .LVU18
 114 0004 0023     		movs	r3, #0
 115 0006 0393     		str	r3, [sp, #12]
 116 0008 0493     		str	r3, [sp, #16]
 117 000a 0593     		str	r3, [sp, #20]
 118 000c 0693     		str	r3, [sp, #24]
 119 000e 0793     		str	r3, [sp, #28]
  91:Src/stm32f3xx_hal_msp.c ****   if(hi2c->Instance==I2C2)
 120              		.loc 1 91 3 is_stmt 1 view .LVU19
 121              		.loc 1 91 10 is_stmt 0 view .LVU20
 122 0010 0268     		ldr	r2, [r0]
 123              		.loc 1 91 5 view .LVU21
 124 0012 1C4B     		ldr	r3, .L9
 125 0014 9A42     		cmp	r2, r3
 126 0016 01D0     		beq	.L8
 127              	.LVL2:
 128              	.L5:
  92:Src/stm32f3xx_hal_msp.c ****   {
  93:Src/stm32f3xx_hal_msp.c ****   /* USER CODE BEGIN I2C2_MspInit 0 */
  94:Src/stm32f3xx_hal_msp.c **** 
  95:Src/stm32f3xx_hal_msp.c ****   /* USER CODE END I2C2_MspInit 0 */
  96:Src/stm32f3xx_hal_msp.c ****   
  97:Src/stm32f3xx_hal_msp.c ****     __HAL_RCC_GPIOA_CLK_ENABLE();
  98:Src/stm32f3xx_hal_msp.c ****     /**I2C2 GPIO Configuration    
  99:Src/stm32f3xx_hal_msp.c ****     PA9     ------> I2C2_SCL
 100:Src/stm32f3xx_hal_msp.c ****     PA10     ------> I2C2_SDA 
 101:Src/stm32f3xx_hal_msp.c ****     */
 102:Src/stm32f3xx_hal_msp.c ****     GPIO_InitStruct.Pin = GPIO_PIN_9|GPIO_PIN_10;
 103:Src/stm32f3xx_hal_msp.c ****     GPIO_InitStruct.Mode = GPIO_MODE_AF_OD;
ARM GAS  /tmp/ccLOT2xZ.s 			page 5


 104:Src/stm32f3xx_hal_msp.c ****     GPIO_InitStruct.Pull = GPIO_PULLUP;
 105:Src/stm32f3xx_hal_msp.c ****     GPIO_InitStruct.Speed = GPIO_SPEED_FREQ_HIGH;
 106:Src/stm32f3xx_hal_msp.c ****     GPIO_InitStruct.Alternate = GPIO_AF4_I2C2;
 107:Src/stm32f3xx_hal_msp.c ****     HAL_GPIO_Init(GPIOA, &GPIO_InitStruct);
 108:Src/stm32f3xx_hal_msp.c **** 
 109:Src/stm32f3xx_hal_msp.c ****     /* Peripheral clock enable */
 110:Src/stm32f3xx_hal_msp.c ****     __HAL_RCC_I2C2_CLK_ENABLE();
 111:Src/stm32f3xx_hal_msp.c ****     /* I2C2 interrupt Init */
 112:Src/stm32f3xx_hal_msp.c ****     HAL_NVIC_SetPriority(I2C2_EV_IRQn, 0, 0);
 113:Src/stm32f3xx_hal_msp.c ****     HAL_NVIC_EnableIRQ(I2C2_EV_IRQn);
 114:Src/stm32f3xx_hal_msp.c ****     HAL_NVIC_SetPriority(I2C2_ER_IRQn, 0, 0);
 115:Src/stm32f3xx_hal_msp.c ****     HAL_NVIC_EnableIRQ(I2C2_ER_IRQn);
 116:Src/stm32f3xx_hal_msp.c ****   /* USER CODE BEGIN I2C2_MspInit 1 */
 117:Src/stm32f3xx_hal_msp.c **** 
 118:Src/stm32f3xx_hal_msp.c ****   /* USER CODE END I2C2_MspInit 1 */
 119:Src/stm32f3xx_hal_msp.c ****   }
 120:Src/stm32f3xx_hal_msp.c **** 
 121:Src/stm32f3xx_hal_msp.c **** }
 129              		.loc 1 121 1 view .LVU22
 130 0018 08B0     		add	sp, sp, #32
 131              	.LCFI5:
 132              		.cfi_remember_state
 133              		.cfi_def_cfa_offset 8
 134              		@ sp needed
 135 001a 10BD     		pop	{r4, pc}
 136              	.LVL3:
 137              	.L8:
 138              	.LCFI6:
 139              		.cfi_restore_state
  97:Src/stm32f3xx_hal_msp.c ****     /**I2C2 GPIO Configuration    
 140              		.loc 1 97 5 is_stmt 1 view .LVU23
 141              	.LBB4:
  97:Src/stm32f3xx_hal_msp.c ****     /**I2C2 GPIO Configuration    
 142              		.loc 1 97 5 view .LVU24
  97:Src/stm32f3xx_hal_msp.c ****     /**I2C2 GPIO Configuration    
 143              		.loc 1 97 5 view .LVU25
 144 001c 1A4C     		ldr	r4, .L9+4
 145 001e 6369     		ldr	r3, [r4, #20]
 146 0020 43F40033 		orr	r3, r3, #131072
 147 0024 6361     		str	r3, [r4, #20]
  97:Src/stm32f3xx_hal_msp.c ****     /**I2C2 GPIO Configuration    
 148              		.loc 1 97 5 view .LVU26
 149 0026 6369     		ldr	r3, [r4, #20]
 150 0028 03F40033 		and	r3, r3, #131072
 151 002c 0193     		str	r3, [sp, #4]
  97:Src/stm32f3xx_hal_msp.c ****     /**I2C2 GPIO Configuration    
 152              		.loc 1 97 5 view .LVU27
 153 002e 019B     		ldr	r3, [sp, #4]
 154              	.LBE4:
  97:Src/stm32f3xx_hal_msp.c ****     /**I2C2 GPIO Configuration    
 155              		.loc 1 97 5 view .LVU28
 102:Src/stm32f3xx_hal_msp.c ****     GPIO_InitStruct.Mode = GPIO_MODE_AF_OD;
 156              		.loc 1 102 5 view .LVU29
 102:Src/stm32f3xx_hal_msp.c ****     GPIO_InitStruct.Mode = GPIO_MODE_AF_OD;
 157              		.loc 1 102 25 is_stmt 0 view .LVU30
 158 0030 4FF4C063 		mov	r3, #1536
 159 0034 0393     		str	r3, [sp, #12]
ARM GAS  /tmp/ccLOT2xZ.s 			page 6


 103:Src/stm32f3xx_hal_msp.c ****     GPIO_InitStruct.Pull = GPIO_PULLUP;
 160              		.loc 1 103 5 is_stmt 1 view .LVU31
 103:Src/stm32f3xx_hal_msp.c ****     GPIO_InitStruct.Pull = GPIO_PULLUP;
 161              		.loc 1 103 26 is_stmt 0 view .LVU32
 162 0036 1223     		movs	r3, #18
 163 0038 0493     		str	r3, [sp, #16]
 104:Src/stm32f3xx_hal_msp.c ****     GPIO_InitStruct.Speed = GPIO_SPEED_FREQ_HIGH;
 164              		.loc 1 104 5 is_stmt 1 view .LVU33
 104:Src/stm32f3xx_hal_msp.c ****     GPIO_InitStruct.Speed = GPIO_SPEED_FREQ_HIGH;
 165              		.loc 1 104 26 is_stmt 0 view .LVU34
 166 003a 0123     		movs	r3, #1
 167 003c 0593     		str	r3, [sp, #20]
 105:Src/stm32f3xx_hal_msp.c ****     GPIO_InitStruct.Alternate = GPIO_AF4_I2C2;
 168              		.loc 1 105 5 is_stmt 1 view .LVU35
 105:Src/stm32f3xx_hal_msp.c ****     GPIO_InitStruct.Alternate = GPIO_AF4_I2C2;
 169              		.loc 1 105 27 is_stmt 0 view .LVU36
 170 003e 0323     		movs	r3, #3
 171 0040 0693     		str	r3, [sp, #24]
 106:Src/stm32f3xx_hal_msp.c ****     HAL_GPIO_Init(GPIOA, &GPIO_InitStruct);
 172              		.loc 1 106 5 is_stmt 1 view .LVU37
 106:Src/stm32f3xx_hal_msp.c ****     HAL_GPIO_Init(GPIOA, &GPIO_InitStruct);
 173              		.loc 1 106 31 is_stmt 0 view .LVU38
 174 0042 0423     		movs	r3, #4
 175 0044 0793     		str	r3, [sp, #28]
 107:Src/stm32f3xx_hal_msp.c **** 
 176              		.loc 1 107 5 is_stmt 1 view .LVU39
 177 0046 03A9     		add	r1, sp, #12
 178 0048 4FF09040 		mov	r0, #1207959552
 179              	.LVL4:
 107:Src/stm32f3xx_hal_msp.c **** 
 180              		.loc 1 107 5 is_stmt 0 view .LVU40
 181 004c FFF7FEFF 		bl	HAL_GPIO_Init
 182              	.LVL5:
 110:Src/stm32f3xx_hal_msp.c ****     /* I2C2 interrupt Init */
 183              		.loc 1 110 5 is_stmt 1 view .LVU41
 184              	.LBB5:
 110:Src/stm32f3xx_hal_msp.c ****     /* I2C2 interrupt Init */
 185              		.loc 1 110 5 view .LVU42
 110:Src/stm32f3xx_hal_msp.c ****     /* I2C2 interrupt Init */
 186              		.loc 1 110 5 view .LVU43
 187 0050 E369     		ldr	r3, [r4, #28]
 188 0052 43F48003 		orr	r3, r3, #4194304
 189 0056 E361     		str	r3, [r4, #28]
 110:Src/stm32f3xx_hal_msp.c ****     /* I2C2 interrupt Init */
 190              		.loc 1 110 5 view .LVU44
 191 0058 E369     		ldr	r3, [r4, #28]
 192 005a 03F48003 		and	r3, r3, #4194304
 193 005e 0293     		str	r3, [sp, #8]
 110:Src/stm32f3xx_hal_msp.c ****     /* I2C2 interrupt Init */
 194              		.loc 1 110 5 view .LVU45
 195 0060 029B     		ldr	r3, [sp, #8]
 196              	.LBE5:
 110:Src/stm32f3xx_hal_msp.c ****     /* I2C2 interrupt Init */
 197              		.loc 1 110 5 view .LVU46
 112:Src/stm32f3xx_hal_msp.c ****     HAL_NVIC_EnableIRQ(I2C2_EV_IRQn);
 198              		.loc 1 112 5 view .LVU47
 199 0062 0022     		movs	r2, #0
ARM GAS  /tmp/ccLOT2xZ.s 			page 7


 200 0064 1146     		mov	r1, r2
 201 0066 2120     		movs	r0, #33
 202 0068 FFF7FEFF 		bl	HAL_NVIC_SetPriority
 203              	.LVL6:
 113:Src/stm32f3xx_hal_msp.c ****     HAL_NVIC_SetPriority(I2C2_ER_IRQn, 0, 0);
 204              		.loc 1 113 5 view .LVU48
 205 006c 2120     		movs	r0, #33
 206 006e FFF7FEFF 		bl	HAL_NVIC_EnableIRQ
 207              	.LVL7:
 114:Src/stm32f3xx_hal_msp.c ****     HAL_NVIC_EnableIRQ(I2C2_ER_IRQn);
 208              		.loc 1 114 5 view .LVU49
 209 0072 0022     		movs	r2, #0
 210 0074 1146     		mov	r1, r2
 211 0076 2220     		movs	r0, #34
 212 0078 FFF7FEFF 		bl	HAL_NVIC_SetPriority
 213              	.LVL8:
 115:Src/stm32f3xx_hal_msp.c ****   /* USER CODE BEGIN I2C2_MspInit 1 */
 214              		.loc 1 115 5 view .LVU50
 215 007c 2220     		movs	r0, #34
 216 007e FFF7FEFF 		bl	HAL_NVIC_EnableIRQ
 217              	.LVL9:
 218              		.loc 1 121 1 is_stmt 0 view .LVU51
 219 0082 C9E7     		b	.L5
 220              	.L10:
 221              		.align	2
 222              	.L9:
 223 0084 00580040 		.word	1073764352
 224 0088 00100240 		.word	1073876992
 225              		.cfi_endproc
 226              	.LFE131:
 228              		.section	.text.HAL_I2C_MspDeInit,"ax",%progbits
 229              		.align	1
 230              		.global	HAL_I2C_MspDeInit
 231              		.syntax unified
 232              		.thumb
 233              		.thumb_func
 234              		.fpu fpv4-sp-d16
 236              	HAL_I2C_MspDeInit:
 237              	.LVL10:
 238              	.LFB132:
 122:Src/stm32f3xx_hal_msp.c **** 
 123:Src/stm32f3xx_hal_msp.c **** /**
 124:Src/stm32f3xx_hal_msp.c **** * @brief I2C MSP De-Initialization
 125:Src/stm32f3xx_hal_msp.c **** * This function freeze the hardware resources used in this example
 126:Src/stm32f3xx_hal_msp.c **** * @param hi2c: I2C handle pointer
 127:Src/stm32f3xx_hal_msp.c **** * @retval None
 128:Src/stm32f3xx_hal_msp.c **** */
 129:Src/stm32f3xx_hal_msp.c **** void HAL_I2C_MspDeInit(I2C_HandleTypeDef* hi2c)
 130:Src/stm32f3xx_hal_msp.c **** {
 239              		.loc 1 130 1 is_stmt 1 view -0
 240              		.cfi_startproc
 241              		@ args = 0, pretend = 0, frame = 0
 242              		@ frame_needed = 0, uses_anonymous_args = 0
 243              		.loc 1 130 1 is_stmt 0 view .LVU53
 244 0000 08B5     		push	{r3, lr}
 245              	.LCFI7:
 246              		.cfi_def_cfa_offset 8
ARM GAS  /tmp/ccLOT2xZ.s 			page 8


 247              		.cfi_offset 3, -8
 248              		.cfi_offset 14, -4
 131:Src/stm32f3xx_hal_msp.c ****   if(hi2c->Instance==I2C2)
 249              		.loc 1 131 3 is_stmt 1 view .LVU54
 250              		.loc 1 131 10 is_stmt 0 view .LVU55
 251 0002 0268     		ldr	r2, [r0]
 252              		.loc 1 131 5 view .LVU56
 253 0004 0A4B     		ldr	r3, .L15
 254 0006 9A42     		cmp	r2, r3
 255 0008 00D0     		beq	.L14
 256              	.LVL11:
 257              	.L11:
 132:Src/stm32f3xx_hal_msp.c ****   {
 133:Src/stm32f3xx_hal_msp.c ****   /* USER CODE BEGIN I2C2_MspDeInit 0 */
 134:Src/stm32f3xx_hal_msp.c **** 
 135:Src/stm32f3xx_hal_msp.c ****   /* USER CODE END I2C2_MspDeInit 0 */
 136:Src/stm32f3xx_hal_msp.c ****     /* Peripheral clock disable */
 137:Src/stm32f3xx_hal_msp.c ****     __HAL_RCC_I2C2_CLK_DISABLE();
 138:Src/stm32f3xx_hal_msp.c ****   
 139:Src/stm32f3xx_hal_msp.c ****     /**I2C2 GPIO Configuration    
 140:Src/stm32f3xx_hal_msp.c ****     PA9     ------> I2C2_SCL
 141:Src/stm32f3xx_hal_msp.c ****     PA10     ------> I2C2_SDA 
 142:Src/stm32f3xx_hal_msp.c ****     */
 143:Src/stm32f3xx_hal_msp.c ****     HAL_GPIO_DeInit(GPIOA, GPIO_PIN_9|GPIO_PIN_10);
 144:Src/stm32f3xx_hal_msp.c **** 
 145:Src/stm32f3xx_hal_msp.c ****     /* I2C2 interrupt DeInit */
 146:Src/stm32f3xx_hal_msp.c ****     HAL_NVIC_DisableIRQ(I2C2_EV_IRQn);
 147:Src/stm32f3xx_hal_msp.c ****     HAL_NVIC_DisableIRQ(I2C2_ER_IRQn);
 148:Src/stm32f3xx_hal_msp.c ****   /* USER CODE BEGIN I2C2_MspDeInit 1 */
 149:Src/stm32f3xx_hal_msp.c **** 
 150:Src/stm32f3xx_hal_msp.c ****   /* USER CODE END I2C2_MspDeInit 1 */
 151:Src/stm32f3xx_hal_msp.c ****   }
 152:Src/stm32f3xx_hal_msp.c **** 
 153:Src/stm32f3xx_hal_msp.c **** }
 258              		.loc 1 153 1 view .LVU57
 259 000a 08BD     		pop	{r3, pc}
 260              	.LVL12:
 261              	.L14:
 137:Src/stm32f3xx_hal_msp.c ****   
 262              		.loc 1 137 5 is_stmt 1 view .LVU58
 263 000c 094A     		ldr	r2, .L15+4
 264 000e D369     		ldr	r3, [r2, #28]
 265 0010 23F48003 		bic	r3, r3, #4194304
 266 0014 D361     		str	r3, [r2, #28]
 143:Src/stm32f3xx_hal_msp.c **** 
 267              		.loc 1 143 5 view .LVU59
 268 0016 4FF4C061 		mov	r1, #1536
 269 001a 4FF09040 		mov	r0, #1207959552
 270              	.LVL13:
 143:Src/stm32f3xx_hal_msp.c **** 
 271              		.loc 1 143 5 is_stmt 0 view .LVU60
 272 001e FFF7FEFF 		bl	HAL_GPIO_DeInit
 273              	.LVL14:
 146:Src/stm32f3xx_hal_msp.c ****     HAL_NVIC_DisableIRQ(I2C2_ER_IRQn);
 274              		.loc 1 146 5 is_stmt 1 view .LVU61
 275 0022 2120     		movs	r0, #33
 276 0024 FFF7FEFF 		bl	HAL_NVIC_DisableIRQ
ARM GAS  /tmp/ccLOT2xZ.s 			page 9


 277              	.LVL15:
 147:Src/stm32f3xx_hal_msp.c ****   /* USER CODE BEGIN I2C2_MspDeInit 1 */
 278              		.loc 1 147 5 view .LVU62
 279 0028 2220     		movs	r0, #34
 280 002a FFF7FEFF 		bl	HAL_NVIC_DisableIRQ
 281              	.LVL16:
 282              		.loc 1 153 1 is_stmt 0 view .LVU63
 283 002e ECE7     		b	.L11
 284              	.L16:
 285              		.align	2
 286              	.L15:
 287 0030 00580040 		.word	1073764352
 288 0034 00100240 		.word	1073876992
 289              		.cfi_endproc
 290              	.LFE132:
 292              		.section	.text.HAL_UART_MspInit,"ax",%progbits
 293              		.align	1
 294              		.global	HAL_UART_MspInit
 295              		.syntax unified
 296              		.thumb
 297              		.thumb_func
 298              		.fpu fpv4-sp-d16
 300              	HAL_UART_MspInit:
 301              	.LVL17:
 302              	.LFB133:
 154:Src/stm32f3xx_hal_msp.c **** 
 155:Src/stm32f3xx_hal_msp.c **** /**
 156:Src/stm32f3xx_hal_msp.c **** * @brief UART MSP Initialization
 157:Src/stm32f3xx_hal_msp.c **** * This function configures the hardware resources used in this example
 158:Src/stm32f3xx_hal_msp.c **** * @param huart: UART handle pointer
 159:Src/stm32f3xx_hal_msp.c **** * @retval None
 160:Src/stm32f3xx_hal_msp.c **** */
 161:Src/stm32f3xx_hal_msp.c **** void HAL_UART_MspInit(UART_HandleTypeDef* huart)
 162:Src/stm32f3xx_hal_msp.c **** {
 303              		.loc 1 162 1 is_stmt 1 view -0
 304              		.cfi_startproc
 305              		@ args = 0, pretend = 0, frame = 32
 306              		@ frame_needed = 0, uses_anonymous_args = 0
 307              		.loc 1 162 1 is_stmt 0 view .LVU65
 308 0000 10B5     		push	{r4, lr}
 309              	.LCFI8:
 310              		.cfi_def_cfa_offset 8
 311              		.cfi_offset 4, -8
 312              		.cfi_offset 14, -4
 313 0002 88B0     		sub	sp, sp, #32
 314              	.LCFI9:
 315              		.cfi_def_cfa_offset 40
 163:Src/stm32f3xx_hal_msp.c ****   GPIO_InitTypeDef GPIO_InitStruct = {0};
 316              		.loc 1 163 3 is_stmt 1 view .LVU66
 317              		.loc 1 163 20 is_stmt 0 view .LVU67
 318 0004 0023     		movs	r3, #0
 319 0006 0393     		str	r3, [sp, #12]
 320 0008 0493     		str	r3, [sp, #16]
 321 000a 0593     		str	r3, [sp, #20]
 322 000c 0693     		str	r3, [sp, #24]
 323 000e 0793     		str	r3, [sp, #28]
 164:Src/stm32f3xx_hal_msp.c ****   if(huart->Instance==USART2)
ARM GAS  /tmp/ccLOT2xZ.s 			page 10


 324              		.loc 1 164 3 is_stmt 1 view .LVU68
 325              		.loc 1 164 11 is_stmt 0 view .LVU69
 326 0010 0268     		ldr	r2, [r0]
 327              		.loc 1 164 5 view .LVU70
 328 0012 184B     		ldr	r3, .L21
 329 0014 9A42     		cmp	r2, r3
 330 0016 01D0     		beq	.L20
 331              	.LVL18:
 332              	.L17:
 165:Src/stm32f3xx_hal_msp.c ****   {
 166:Src/stm32f3xx_hal_msp.c ****   /* USER CODE BEGIN USART2_MspInit 0 */
 167:Src/stm32f3xx_hal_msp.c **** 
 168:Src/stm32f3xx_hal_msp.c ****   /* USER CODE END USART2_MspInit 0 */
 169:Src/stm32f3xx_hal_msp.c ****     /* Peripheral clock enable */
 170:Src/stm32f3xx_hal_msp.c ****     __HAL_RCC_USART2_CLK_ENABLE();
 171:Src/stm32f3xx_hal_msp.c ****   
 172:Src/stm32f3xx_hal_msp.c ****     __HAL_RCC_GPIOA_CLK_ENABLE();
 173:Src/stm32f3xx_hal_msp.c ****     /**USART2 GPIO Configuration    
 174:Src/stm32f3xx_hal_msp.c ****     PA2     ------> USART2_TX
 175:Src/stm32f3xx_hal_msp.c ****     PA3     ------> USART2_RX 
 176:Src/stm32f3xx_hal_msp.c ****     */
 177:Src/stm32f3xx_hal_msp.c ****     GPIO_InitStruct.Pin = USART_TX_Pin|USART_RX_Pin;
 178:Src/stm32f3xx_hal_msp.c ****     GPIO_InitStruct.Mode = GPIO_MODE_AF_PP;
 179:Src/stm32f3xx_hal_msp.c ****     GPIO_InitStruct.Pull = GPIO_NOPULL;
 180:Src/stm32f3xx_hal_msp.c ****     GPIO_InitStruct.Speed = GPIO_SPEED_FREQ_LOW;
 181:Src/stm32f3xx_hal_msp.c ****     GPIO_InitStruct.Alternate = GPIO_AF7_USART2;
 182:Src/stm32f3xx_hal_msp.c ****     HAL_GPIO_Init(GPIOA, &GPIO_InitStruct);
 183:Src/stm32f3xx_hal_msp.c **** 
 184:Src/stm32f3xx_hal_msp.c ****     /* USART2 interrupt Init */
 185:Src/stm32f3xx_hal_msp.c ****     HAL_NVIC_SetPriority(USART2_IRQn, 0, 0);
 186:Src/stm32f3xx_hal_msp.c ****     HAL_NVIC_EnableIRQ(USART2_IRQn);
 187:Src/stm32f3xx_hal_msp.c ****   /* USER CODE BEGIN USART2_MspInit 1 */
 188:Src/stm32f3xx_hal_msp.c **** 
 189:Src/stm32f3xx_hal_msp.c ****   /* USER CODE END USART2_MspInit 1 */
 190:Src/stm32f3xx_hal_msp.c ****   }
 191:Src/stm32f3xx_hal_msp.c **** 
 192:Src/stm32f3xx_hal_msp.c **** }
 333              		.loc 1 192 1 view .LVU71
 334 0018 08B0     		add	sp, sp, #32
 335              	.LCFI10:
 336              		.cfi_remember_state
 337              		.cfi_def_cfa_offset 8
 338              		@ sp needed
 339 001a 10BD     		pop	{r4, pc}
 340              	.LVL19:
 341              	.L20:
 342              	.LCFI11:
 343              		.cfi_restore_state
 170:Src/stm32f3xx_hal_msp.c ****   
 344              		.loc 1 170 5 is_stmt 1 view .LVU72
 345              	.LBB6:
 170:Src/stm32f3xx_hal_msp.c ****   
 346              		.loc 1 170 5 view .LVU73
 170:Src/stm32f3xx_hal_msp.c ****   
 347              		.loc 1 170 5 view .LVU74
 348 001c 03F5E633 		add	r3, r3, #117760
 349 0020 DA69     		ldr	r2, [r3, #28]
ARM GAS  /tmp/ccLOT2xZ.s 			page 11


 350 0022 42F40032 		orr	r2, r2, #131072
 351 0026 DA61     		str	r2, [r3, #28]
 170:Src/stm32f3xx_hal_msp.c ****   
 352              		.loc 1 170 5 view .LVU75
 353 0028 DA69     		ldr	r2, [r3, #28]
 354 002a 02F40032 		and	r2, r2, #131072
 355 002e 0192     		str	r2, [sp, #4]
 170:Src/stm32f3xx_hal_msp.c ****   
 356              		.loc 1 170 5 view .LVU76
 357 0030 019A     		ldr	r2, [sp, #4]
 358              	.LBE6:
 170:Src/stm32f3xx_hal_msp.c ****   
 359              		.loc 1 170 5 view .LVU77
 172:Src/stm32f3xx_hal_msp.c ****     /**USART2 GPIO Configuration    
 360              		.loc 1 172 5 view .LVU78
 361              	.LBB7:
 172:Src/stm32f3xx_hal_msp.c ****     /**USART2 GPIO Configuration    
 362              		.loc 1 172 5 view .LVU79
 172:Src/stm32f3xx_hal_msp.c ****     /**USART2 GPIO Configuration    
 363              		.loc 1 172 5 view .LVU80
 364 0032 5A69     		ldr	r2, [r3, #20]
 365 0034 42F40032 		orr	r2, r2, #131072
 366 0038 5A61     		str	r2, [r3, #20]
 172:Src/stm32f3xx_hal_msp.c ****     /**USART2 GPIO Configuration    
 367              		.loc 1 172 5 view .LVU81
 368 003a 5B69     		ldr	r3, [r3, #20]
 369 003c 03F40033 		and	r3, r3, #131072
 370 0040 0293     		str	r3, [sp, #8]
 172:Src/stm32f3xx_hal_msp.c ****     /**USART2 GPIO Configuration    
 371              		.loc 1 172 5 view .LVU82
 372 0042 029B     		ldr	r3, [sp, #8]
 373              	.LBE7:
 172:Src/stm32f3xx_hal_msp.c ****     /**USART2 GPIO Configuration    
 374              		.loc 1 172 5 view .LVU83
 177:Src/stm32f3xx_hal_msp.c ****     GPIO_InitStruct.Mode = GPIO_MODE_AF_PP;
 375              		.loc 1 177 5 view .LVU84
 177:Src/stm32f3xx_hal_msp.c ****     GPIO_InitStruct.Mode = GPIO_MODE_AF_PP;
 376              		.loc 1 177 25 is_stmt 0 view .LVU85
 377 0044 0C23     		movs	r3, #12
 378 0046 0393     		str	r3, [sp, #12]
 178:Src/stm32f3xx_hal_msp.c ****     GPIO_InitStruct.Pull = GPIO_NOPULL;
 379              		.loc 1 178 5 is_stmt 1 view .LVU86
 178:Src/stm32f3xx_hal_msp.c ****     GPIO_InitStruct.Pull = GPIO_NOPULL;
 380              		.loc 1 178 26 is_stmt 0 view .LVU87
 381 0048 0223     		movs	r3, #2
 382 004a 0493     		str	r3, [sp, #16]
 179:Src/stm32f3xx_hal_msp.c ****     GPIO_InitStruct.Speed = GPIO_SPEED_FREQ_LOW;
 383              		.loc 1 179 5 is_stmt 1 view .LVU88
 179:Src/stm32f3xx_hal_msp.c ****     GPIO_InitStruct.Speed = GPIO_SPEED_FREQ_LOW;
 384              		.loc 1 179 26 is_stmt 0 view .LVU89
 385 004c 0024     		movs	r4, #0
 386 004e 0594     		str	r4, [sp, #20]
 180:Src/stm32f3xx_hal_msp.c ****     GPIO_InitStruct.Alternate = GPIO_AF7_USART2;
 387              		.loc 1 180 5 is_stmt 1 view .LVU90
 180:Src/stm32f3xx_hal_msp.c ****     GPIO_InitStruct.Alternate = GPIO_AF7_USART2;
 388              		.loc 1 180 27 is_stmt 0 view .LVU91
 389 0050 0694     		str	r4, [sp, #24]
ARM GAS  /tmp/ccLOT2xZ.s 			page 12


 181:Src/stm32f3xx_hal_msp.c ****     HAL_GPIO_Init(GPIOA, &GPIO_InitStruct);
 390              		.loc 1 181 5 is_stmt 1 view .LVU92
 181:Src/stm32f3xx_hal_msp.c ****     HAL_GPIO_Init(GPIOA, &GPIO_InitStruct);
 391              		.loc 1 181 31 is_stmt 0 view .LVU93
 392 0052 0723     		movs	r3, #7
 393 0054 0793     		str	r3, [sp, #28]
 182:Src/stm32f3xx_hal_msp.c **** 
 394              		.loc 1 182 5 is_stmt 1 view .LVU94
 395 0056 03A9     		add	r1, sp, #12
 396 0058 4FF09040 		mov	r0, #1207959552
 397              	.LVL20:
 182:Src/stm32f3xx_hal_msp.c **** 
 398              		.loc 1 182 5 is_stmt 0 view .LVU95
 399 005c FFF7FEFF 		bl	HAL_GPIO_Init
 400              	.LVL21:
 185:Src/stm32f3xx_hal_msp.c ****     HAL_NVIC_EnableIRQ(USART2_IRQn);
 401              		.loc 1 185 5 is_stmt 1 view .LVU96
 402 0060 2246     		mov	r2, r4
 403 0062 2146     		mov	r1, r4
 404 0064 2620     		movs	r0, #38
 405 0066 FFF7FEFF 		bl	HAL_NVIC_SetPriority
 406              	.LVL22:
 186:Src/stm32f3xx_hal_msp.c ****   /* USER CODE BEGIN USART2_MspInit 1 */
 407              		.loc 1 186 5 view .LVU97
 408 006a 2620     		movs	r0, #38
 409 006c FFF7FEFF 		bl	HAL_NVIC_EnableIRQ
 410              	.LVL23:
 411              		.loc 1 192 1 is_stmt 0 view .LVU98
 412 0070 D2E7     		b	.L17
 413              	.L22:
 414 0072 00BF     		.align	2
 415              	.L21:
 416 0074 00440040 		.word	1073759232
 417              		.cfi_endproc
 418              	.LFE133:
 420              		.section	.text.HAL_UART_MspDeInit,"ax",%progbits
 421              		.align	1
 422              		.global	HAL_UART_MspDeInit
 423              		.syntax unified
 424              		.thumb
 425              		.thumb_func
 426              		.fpu fpv4-sp-d16
 428              	HAL_UART_MspDeInit:
 429              	.LVL24:
 430              	.LFB134:
 193:Src/stm32f3xx_hal_msp.c **** 
 194:Src/stm32f3xx_hal_msp.c **** /**
 195:Src/stm32f3xx_hal_msp.c **** * @brief UART MSP De-Initialization
 196:Src/stm32f3xx_hal_msp.c **** * This function freeze the hardware resources used in this example
 197:Src/stm32f3xx_hal_msp.c **** * @param huart: UART handle pointer
 198:Src/stm32f3xx_hal_msp.c **** * @retval None
 199:Src/stm32f3xx_hal_msp.c **** */
 200:Src/stm32f3xx_hal_msp.c **** void HAL_UART_MspDeInit(UART_HandleTypeDef* huart)
 201:Src/stm32f3xx_hal_msp.c **** {
 431              		.loc 1 201 1 is_stmt 1 view -0
 432              		.cfi_startproc
 433              		@ args = 0, pretend = 0, frame = 0
ARM GAS  /tmp/ccLOT2xZ.s 			page 13


 434              		@ frame_needed = 0, uses_anonymous_args = 0
 435              		.loc 1 201 1 is_stmt 0 view .LVU100
 436 0000 08B5     		push	{r3, lr}
 437              	.LCFI12:
 438              		.cfi_def_cfa_offset 8
 439              		.cfi_offset 3, -8
 440              		.cfi_offset 14, -4
 202:Src/stm32f3xx_hal_msp.c ****   if(huart->Instance==USART2)
 441              		.loc 1 202 3 is_stmt 1 view .LVU101
 442              		.loc 1 202 11 is_stmt 0 view .LVU102
 443 0002 0268     		ldr	r2, [r0]
 444              		.loc 1 202 5 view .LVU103
 445 0004 084B     		ldr	r3, .L27
 446 0006 9A42     		cmp	r2, r3
 447 0008 00D0     		beq	.L26
 448              	.LVL25:
 449              	.L23:
 203:Src/stm32f3xx_hal_msp.c ****   {
 204:Src/stm32f3xx_hal_msp.c ****   /* USER CODE BEGIN USART2_MspDeInit 0 */
 205:Src/stm32f3xx_hal_msp.c **** 
 206:Src/stm32f3xx_hal_msp.c ****   /* USER CODE END USART2_MspDeInit 0 */
 207:Src/stm32f3xx_hal_msp.c ****     /* Peripheral clock disable */
 208:Src/stm32f3xx_hal_msp.c ****     __HAL_RCC_USART2_CLK_DISABLE();
 209:Src/stm32f3xx_hal_msp.c ****   
 210:Src/stm32f3xx_hal_msp.c ****     /**USART2 GPIO Configuration    
 211:Src/stm32f3xx_hal_msp.c ****     PA2     ------> USART2_TX
 212:Src/stm32f3xx_hal_msp.c ****     PA3     ------> USART2_RX 
 213:Src/stm32f3xx_hal_msp.c ****     */
 214:Src/stm32f3xx_hal_msp.c ****     HAL_GPIO_DeInit(GPIOA, USART_TX_Pin|USART_RX_Pin);
 215:Src/stm32f3xx_hal_msp.c **** 
 216:Src/stm32f3xx_hal_msp.c ****     /* USART2 interrupt DeInit */
 217:Src/stm32f3xx_hal_msp.c ****     HAL_NVIC_DisableIRQ(USART2_IRQn);
 218:Src/stm32f3xx_hal_msp.c ****   /* USER CODE BEGIN USART2_MspDeInit 1 */
 219:Src/stm32f3xx_hal_msp.c **** 
 220:Src/stm32f3xx_hal_msp.c ****   /* USER CODE END USART2_MspDeInit 1 */
 221:Src/stm32f3xx_hal_msp.c ****   }
 222:Src/stm32f3xx_hal_msp.c **** 
 223:Src/stm32f3xx_hal_msp.c **** }
 450              		.loc 1 223 1 view .LVU104
 451 000a 08BD     		pop	{r3, pc}
 452              	.LVL26:
 453              	.L26:
 208:Src/stm32f3xx_hal_msp.c ****   
 454              		.loc 1 208 5 is_stmt 1 view .LVU105
 455 000c 074A     		ldr	r2, .L27+4
 456 000e D369     		ldr	r3, [r2, #28]
 457 0010 23F40033 		bic	r3, r3, #131072
 458 0014 D361     		str	r3, [r2, #28]
 214:Src/stm32f3xx_hal_msp.c **** 
 459              		.loc 1 214 5 view .LVU106
 460 0016 0C21     		movs	r1, #12
 461 0018 4FF09040 		mov	r0, #1207959552
 462              	.LVL27:
 214:Src/stm32f3xx_hal_msp.c **** 
 463              		.loc 1 214 5 is_stmt 0 view .LVU107
 464 001c FFF7FEFF 		bl	HAL_GPIO_DeInit
 465              	.LVL28:
ARM GAS  /tmp/ccLOT2xZ.s 			page 14


 217:Src/stm32f3xx_hal_msp.c ****   /* USER CODE BEGIN USART2_MspDeInit 1 */
 466              		.loc 1 217 5 is_stmt 1 view .LVU108
 467 0020 2620     		movs	r0, #38
 468 0022 FFF7FEFF 		bl	HAL_NVIC_DisableIRQ
 469              	.LVL29:
 470              		.loc 1 223 1 is_stmt 0 view .LVU109
 471 0026 F0E7     		b	.L23
 472              	.L28:
 473              		.align	2
 474              	.L27:
 475 0028 00440040 		.word	1073759232
 476 002c 00100240 		.word	1073876992
 477              		.cfi_endproc
 478              	.LFE134:
 480              		.text
 481              	.Letext0:
 482              		.file 2 "/home/nazar/.gcc-arm-none-eabi/arm-none-eabi/include/machine/_default_types.h"
 483              		.file 3 "/home/nazar/.gcc-arm-none-eabi/arm-none-eabi/include/sys/_stdint.h"
 484              		.file 4 "Drivers/CMSIS/Include/core_cm4.h"
 485              		.file 5 "Drivers/CMSIS/Device/ST/STM32F3xx/Include/system_stm32f3xx.h"
 486              		.file 6 "Drivers/CMSIS/Device/ST/STM32F3xx/Include/stm32f303xe.h"
 487              		.file 7 "Drivers/STM32F3xx_HAL_Driver/Inc/stm32f3xx_hal_def.h"
 488              		.file 8 "Drivers/STM32F3xx_HAL_Driver/Inc/stm32f3xx_hal_gpio.h"
 489              		.file 9 "Drivers/STM32F3xx_HAL_Driver/Inc/stm32f3xx_hal_dma.h"
 490              		.file 10 "Drivers/STM32F3xx_HAL_Driver/Inc/stm32f3xx_hal_i2c.h"
 491              		.file 11 "Drivers/STM32F3xx_HAL_Driver/Inc/stm32f3xx_hal_uart.h"
 492              		.file 12 "Drivers/STM32F3xx_HAL_Driver/Inc/stm32f3xx_hal.h"
 493              		.file 13 "Drivers/STM32F3xx_HAL_Driver/Inc/stm32f3xx_hal_cortex.h"
ARM GAS  /tmp/ccLOT2xZ.s 			page 15


DEFINED SYMBOLS
                            *ABS*:0000000000000000 stm32f3xx_hal_msp.c
     /tmp/ccLOT2xZ.s:18     .text.HAL_MspInit:0000000000000000 $t
     /tmp/ccLOT2xZ.s:26     .text.HAL_MspInit:0000000000000000 HAL_MspInit
     /tmp/ccLOT2xZ.s:84     .text.HAL_MspInit:0000000000000038 $d
     /tmp/ccLOT2xZ.s:89     .text.HAL_I2C_MspInit:0000000000000000 $t
     /tmp/ccLOT2xZ.s:96     .text.HAL_I2C_MspInit:0000000000000000 HAL_I2C_MspInit
     /tmp/ccLOT2xZ.s:223    .text.HAL_I2C_MspInit:0000000000000084 $d
     /tmp/ccLOT2xZ.s:229    .text.HAL_I2C_MspDeInit:0000000000000000 $t
     /tmp/ccLOT2xZ.s:236    .text.HAL_I2C_MspDeInit:0000000000000000 HAL_I2C_MspDeInit
     /tmp/ccLOT2xZ.s:287    .text.HAL_I2C_MspDeInit:0000000000000030 $d
     /tmp/ccLOT2xZ.s:293    .text.HAL_UART_MspInit:0000000000000000 $t
     /tmp/ccLOT2xZ.s:300    .text.HAL_UART_MspInit:0000000000000000 HAL_UART_MspInit
     /tmp/ccLOT2xZ.s:416    .text.HAL_UART_MspInit:0000000000000074 $d
     /tmp/ccLOT2xZ.s:421    .text.HAL_UART_MspDeInit:0000000000000000 $t
     /tmp/ccLOT2xZ.s:428    .text.HAL_UART_MspDeInit:0000000000000000 HAL_UART_MspDeInit
     /tmp/ccLOT2xZ.s:475    .text.HAL_UART_MspDeInit:0000000000000028 $d

UNDEFINED SYMBOLS
HAL_NVIC_SetPriorityGrouping
HAL_GPIO_Init
HAL_NVIC_SetPriority
HAL_NVIC_EnableIRQ
HAL_GPIO_DeInit
HAL_NVIC_DisableIRQ
